# JRE version: Java(TM) SE Runtime Environment (8.0_171-b11) (build 1.8.0_171-b11)
# Java VM: Java HotSpot(TM) Client VM (25.171-b11 mixed mode windows-x86 )
Heap:
 garbage-first heap   total 36864K, used 13479K [0x04e00000, 0x04f00090, 0x44e00000)
  region size 1024K, 1 young (1024K), 1 survivors (1024K)
 Metaspace       used 18852K, capacity 19589K, committed 19712K, reserved 19840K
GC Heap History (10 events):
Event: 14.755 GC heap after
Heap after GC invocations=77 (full 0):
 garbage-first heap   total 18432K, used 14865K [0x04e00000, 0x04f00048, 0x44e00000)
  region size 1024K, 1 young (1024K), 1 survivors (1024K)
 Metaspace       used 18773K, capacity 19520K, committed 19584K, reserved 19840K
}
Event: 14.761 GC heap before
{Heap before GC invocations=77 (full 0):
 garbage-first heap   total 18432K, used 15889K [0x04e00000, 0x04f00048, 0x44e00000)
  region size 1024K, 2 young (2048K), 1 survivors (1024K)
 Metaspace       used 18791K, capacity 19520K, committed 19584K, reserved 19840K
Event: 14.766 GC heap after
Heap after GC invocations=78 (full 0):
 garbage-first heap   total 18432K, used 14037K [0x04e00000, 0x04f00048, 0x44e00000)
  region size 1024K, 1 young (1024K), 1 survivors (1024K)
 Metaspace       used 18791K, capacity 19520K, committed 19584K, reserved 19840K
}
Event: 14.773 GC heap before
{Heap before GC invocations=78 (full 0):
 garbage-first heap   total 18432K, used 15061K [0x04e00000, 0x04f00048, 0x44e00000)
  region size 1024K, 2 young (2048K), 1 survivors (1024K)
 Metaspace       used 18803K, capacity 19520K, committed 19584K, reserved 19840K
Event: 14.783 GC heap after
Heap after GC invocations=79 (full 0):
 garbage-first heap   total 18432K, used 13453K [0x04e00000, 0x04f00048, 0x44e00000)
  region size 1024K, 1 young (1024K), 1 survivors (1024K)
 Metaspace       used 18803K, capacity 19520K, committed 19584K, reserved 19840K
}
Event: 14.789 GC heap before
{Heap before GC invocations=79 (full 0):
 garbage-first heap   total 18432K, used 14477K [0x04e00000, 0x04f00048, 0x44e00000)
  region size 1024K, 2 young (2048K), 1 survivors (1024K)
 Metaspace       used 18822K, capacity 19520K, committed 19584K, reserved 19840K
Event: 14.797 GC heap after
Heap after GC invocations=80 (full 0):
 garbage-first heap   total 18432K, used 13329K [0x04e00000, 0x04f00048, 0x44e00000)
  region size 1024K, 1 young (1024K), 1 survivors (1024K)
 Metaspace       used 18822K, capacity 19520K, committed 19584K, reserved 19840K
}
Event: 14.813 GC heap before
{Heap before GC invocations=80 (full 0):
 garbage-first heap   total 18432K, used 14353K [0x04e00000, 0x04f00048, 0x44e00000)
  region size 1024K, 2 young (2048K), 1 survivors (1024K)
 Metaspace       used 18846K, capacity 19557K, committed 19584K, reserved 19840K
Event: 14.816 GC heap after
Heap after GC invocations=81 (full 0):
 garbage-first heap   total 18432K, used 13185K [0x04e00000, 0x04f00048, 0x44e00000)
  region size 1024K, 1 young (1024K), 1 survivors (1024K)
 Metaspace       used 18846K, capacity 19557K, committed 19584K, reserved 19840K
}
Event: 14.821 GC heap before
{Heap before GC invocations=81 (full 0):
 garbage-first heap   total 18432K, used 14209K [0x04e00000, 0x04f00048, 0x44e00000)
  region size 1024K, 2 young (2048K), 1 survivors (1024K)
 Metaspace       used 18852K, capacity 19589K, committed 19712K, reserved 19840K

