# JRE version: Java(TM) SE Runtime Environment (8.0_171-b11) (build 1.8.0_171-b11)
# Java VM: Java HotSpot(TM) Client VM (25.171-b11 mixed mode windows-x86 )
Heap:
 garbage-first heap   total 134144K, used 79953K [0x05800000, 0x0590020c, 0x45800000)
  region size 1024K, 19 young (19456K), 3 survivors (3072K)
 Metaspace       used 32393K, capacity 33793K, committed 33920K, reserved 34176K
GC Heap History (10 events):
Event: 6881.709 GC heap before
{Heap before GC invocations=178 (full 0):
 garbage-first heap   total 134144K, used 63813K [0x05800000, 0x0590020c, 0x45800000)
  region size 1024K, 5 young (5120K), 2 survivors (2048K)
 Metaspace       used 32392K, capacity 33790K, committed 33920K, reserved 34176K
Event: 6881.719 GC heap after
Heap after GC invocations=179 (full 0):
 garbage-first heap   total 134144K, used 63246K [0x05800000, 0x0590020c, 0x45800000)
  region size 1024K, 4 young (4096K), 4 survivors (4096K)
 Metaspace       used 32392K, capacity 33790K, committed 33920K, reserved 34176K
}
Event: 6933.002 GC heap before
{Heap before GC invocations=180 (full 0):
 garbage-first heap   total 134144K, used 116765K [0x05800000, 0x0590020c, 0x45800000)
  region size 1024K, 53 young (54272K), 4 survivors (4096K)
 Metaspace       used 32393K, capacity 33793K, committed 33920K, reserved 34176K
Event: 6933.010 GC heap after
Heap after GC invocations=181 (full 0):
 garbage-first heap   total 134144K, used 62347K [0x05800000, 0x0590020c, 0x45800000)
  region size 1024K, 3 young (3072K), 3 survivors (3072K)
 Metaspace       used 32393K, capacity 33793K, committed 33920K, reserved 34176K
}
Event: 6933.036 GC heap before
{Heap before GC invocations=181 (full 0):
 garbage-first heap   total 134144K, used 65419K [0x05800000, 0x0590020c, 0x45800000)
  region size 1024K, 6 young (6144K), 3 survivors (3072K)
 Metaspace       used 32393K, capacity 33793K, committed 33920K, reserved 34176K
Event: 6933.055 GC heap after
Heap after GC invocations=182 (full 0):
 garbage-first heap   total 134144K, used 59927K [0x05800000, 0x0590020c, 0x45800000)
  region size 1024K, 1 young (1024K), 1 survivors (1024K)
 Metaspace       used 32393K, capacity 33793K, committed 33920K, reserved 34176K
}
Event: 6936.908 GC heap before
{Heap before GC invocations=182 (full 0):
 garbage-first heap   total 134144K, used 114199K [0x05800000, 0x0590020c, 0x45800000)
  region size 1024K, 54 young (55296K), 1 survivors (1024K)
 Metaspace       used 32393K, capacity 33793K, committed 33920K, reserved 34176K
Event: 6936.924 GC heap after
Heap after GC invocations=183 (full 0):
 garbage-first heap   total 134144K, used 60639K [0x05800000, 0x0590020c, 0x45800000)
  region size 1024K, 2 young (2048K), 2 survivors (2048K)
 Metaspace       used 32393K, capacity 33793K, committed 33920K, reserved 34176K
}
Event: 6937.264 GC heap before
{Heap before GC invocations=183 (full 0):
 garbage-first heap   total 134144K, used 70879K [0x05800000, 0x0590020c, 0x45800000)
  region size 1024K, 13 young (13312K), 2 survivors (2048K)
 Metaspace       used 32393K, capacity 33793K, committed 33920K, reserved 34176K
Event: 6937.274 GC heap after
Heap after GC invocations=184 (full 0):
 garbage-first heap   total 134144K, used 61431K [0x05800000, 0x0590020c, 0x45800000)
  region size 1024K, 3 young (3072K), 3 survivors (3072K)
 Metaspace       used 32393K, capacity 33793K, committed 33920K, reserved 34176K
}

